Wed 1 Feb 16:02:31 CET 2017

Sauvegarde Mensuel (sauvegarde Full) :
Les Répertoires sauvegardés sont :
'/home' -> Ok pour Sauvegarde
'/etc' -> Ok pour Sauvegarde
'/var/www' -> Ok pour Sauvegarde

Eligibilité des dossiers terminée avec succes !
Les répertoire suivants ont été exclus :
/home/athena/Core/Data_Export
/etc/network
/etc/kernel
/home/user/specFolder1
/home/user/specFolder12

Sauvegarde en cours
La sauvegarde a duree 00:01:28
Sauvegarde terminé

-------------Calcul de Volumetrie-------------
613Mo ont été sauvegardés

Le CheckSum de "Full_Backup_February.tar.gz" a sa création est : 123456789 987654321

L'hôte backup.partern1.tdl est joignable
Lancement du transfert vers backup.partern1.tdl

Transfert de la sauvegarde en cours vers "backup.partern1.tdl"
Le transfert a duré 00:00:00
Transfert terminé

Création d'une demande de CkSum
Demande de CkSum créée

Envoie d'une demande de CkSum de la part de "backup.partern1.tdl"
Demande envoyée

En attente du Cksum de l'hôte "backup.partern1.tdl"
Wed 1 Feb 16:04:14 CET 2017
Reprise du script dans 3 min

Wed 1 Feb 16:07:14 CET 2017
Reprise du script

Controle des CheckSums :

Controle des CheckSums en cours pour "Full_Backup_February.tar.gz"
Les CheckSums de la sauvegarde Mensuel du 01/02/2017 en Local et sur "backup.partern1.tdl" sont différents :
Local : 123456789 987654321
Remote : 

Suppression du fichiers .cksum de l'hote distant
Fichier .cksum supprimés

L'hôte backup.partern2.tdl est joignable
Lancement du transfert vers backup.partern2.tdl

Transfert de la sauvegarde en cours vers "backup.partern2.tdl"
Le transfert a duré 00:01:19
Transfert terminé

Création d'une demande de CkSum
Demande de CkSum créée

Envoie d'une demande de CkSum de la part de "backup.partern2.tdl"
Demande envoyée

En attente du Cksum de l'hôte "backup.partern2.tdl"
Wed 1 Feb 16:07:35 CET 2017
Reprise du script dans 3 min

Wed 1 Feb 16:10:35 CET 2017
Reprise du script

Controle des CheckSums :

Controle des CheckSums en cours pour "Full_Backup_February.tar.gz"
Les CheckSums de la sauvegarde Mensuel du 01/02/2017 en Local et sur "backup.partern2.tdl" sont différents :
Local : 123456789 987654321
Remote : 123456789 987654321

Suppression du fichier de sauvegarde local (Full_Backup_February.tar.gz)
Fichier local (Full_Backup_February.tar.gz) supprimé

Suppression des fichiers .cksum
Fichiers .cksum supprimés

Fin du script /home/athena/Core/Main.sh (Data)
Wed 1 Feb 16:10:35 CET 2017